7 трав 2011 16:38:31 org.apache.catalina.core.AprLifecycleListener init
INFO: Loaded APR based Apache Tomcat Native library 1.1.20.
7 трав 2011 16:38:31 org.apache.catalina.core.AprLifecycleListener init
INFO: APR capabilities: IPv6 [true], sendfile [true], accept filters [false], random [true].
7 трав 2011 16:38:32 org.apache.tomcat.util.digester.SetPropertiesRule begin
WARNING: [SetPropertiesRule]{Server/Service/Engine/Host/Context} Setting property 'source' to 'org.eclipse.jst.jee.server:TestingSystem' did not find a matching property.
7 трав 2011 16:38:32 org.apache.coyote.http11.Http11AprProtocol init
INFO: Initializing Coyote HTTP/1.1 on http-8082
7 трав 2011 16:38:32 org.apache.coyote.ajp.AjpAprProtocol init
INFO: Initializing Coyote AJP/1.3 on ajp-8009
7 трав 2011 16:38:32 org.apache.catalina.startup.Catalina load
INFO: Initialization processed in 1100 ms
7 трав 2011 16:38:32 org.apache.catalina.core.StandardService start
INFO: Starting service Catalina
7 трав 2011 16:38:32 org.apache.catalina.core.StandardEngine start
INFO: Starting Servlet Engine: Apache Tomcat/6.0.32
7 трав 2011 16:38:32 org.apache.catalina.startup.HostConfig deployDescriptor
INFO: Deploying configuration descriptor host-manager.xml
7 трав 2011 16:38:33 org.apache.catalina.startup.HostConfig deployDescriptor
INFO: Deploying configuration descriptor manager.xml
7 трав 2011 16:38:33 org.apache.catalina.startup.HostConfig deployWAR
INFO: Deploying web application archive TestingSystem.war
7 трав 2011 16:38:33 org.apache.catalina.startup.HostConfig deployDirectory
INFO: Deploying web application directory docs
7 трав 2011 16:38:33 org.apache.catalina.startup.HostConfig deployDirectory
INFO: Deploying web application directory examples
7 трав 2011 16:38:33 org.apache.catalina.startup.HostConfig deployDirectory
INFO: Deploying web application directory ROOT
7 трав 2011 16:38:33 org.apache.coyote.http11.Http11AprProtocol start
INFO: Starting Coyote HTTP/1.1 on http-8082
7 трав 2011 16:38:33 org.apache.coyote.ajp.AjpAprProtocol start
INFO: Starting Coyote AJP/1.3 on ajp-8009
7 трав 2011 16:38:33 org.apache.catalina.startup.Catalina start
INFO: Server startup in 916 ms
7 трав 2011 17:42:57 org.apache.catalina.core.AprLifecycleListener init
INFO: Loaded APR based Apache Tomcat Native library 1.1.20.
7 трав 2011 17:42:57 org.apache.catalina.core.AprLifecycleListener init
INFO: APR capabilities: IPv6 [true], sendfile [true], accept filters [false], random [true].
7 трав 2011 17:42:57 org.apache.tomcat.util.digester.SetPropertiesRule begin
WARNING: [SetPropertiesRule]{Server/Service/Engine/Host/Context} Setting property 'source' to 'org.eclipse.jst.jee.server:Testing' did not find a matching property.
7 трав 2011 17:42:57 org.apache.tomcat.util.digester.SetPropertiesRule begin
WARNING: [SetPropertiesRule]{Server/Service/Engine/Host/Context} Setting property 'source' to 'org.eclipse.jst.jee.server:TestServlet' did not find a matching property.
7 трав 2011 17:42:57 org.apache.tomcat.util.digester.SetPropertiesRule begin
WARNING: [SetPropertiesRule]{Server/Service/Engine/Host/Context} Setting property 'source' to 'org.eclipse.jst.jee.server:Testing System' did not find a matching property.
7 трав 2011 17:42:57 org.apache.tomcat.util.digester.SetPropertiesRule begin
WARNING: [SetPropertiesRule]{Server/Service/Engine/Host/Context} Setting property 'source' to 'org.eclipse.jst.jee.server:TestingSystem' did not find a matching property.
7 трав 2011 17:42:58 org.apache.coyote.http11.Http11AprProtocol init
INFO: Initializing Coyote HTTP/1.1 on http-8082
7 трав 2011 17:42:58 org.apache.coyote.ajp.AjpAprProtocol init
INFO: Initializing Coyote AJP/1.3 on ajp-8009
7 трав 2011 17:42:58 org.apache.catalina.startup.Catalina load
INFO: Initialization processed in 879 ms
7 трав 2011 17:42:58 org.apache.catalina.core.StandardService start
INFO: Starting service Catalina
7 трав 2011 17:42:58 org.apache.catalina.core.StandardEngine start
INFO: Starting Servlet Engine: Apache Tomcat/6.0.32
7 трав 2011 17:42:58 org.apache.catalina.startup.HostConfig deployDescriptor
INFO: Deploying configuration descriptor host-manager.xml
7 трав 2011 17:42:58 org.apache.catalina.startup.HostConfig deployDescriptor
INFO: Deploying configuration descriptor manager.xml
7 трав 2011 17:42:58 org.apache.catalina.startup.HostConfig deployDirectory
INFO: Deploying web application directory docs
7 трав 2011 17:42:59 org.apache.catalina.startup.HostConfig deployDirectory
INFO: Deploying web application directory examples
7 трав 2011 17:42:59 org.apache.catalina.startup.HostConfig deployDirectory
INFO: Deploying web application directory ROOT
7 трав 2011 17:42:59 org.apache.coyote.http11.Http11AprProtocol start
INFO: Starting Coyote HTTP/1.1 on http-8082
7 трав 2011 17:42:59 org.apache.coyote.ajp.AjpAprProtocol start
INFO: Starting Coyote AJP/1.3 on ajp-8009
7 трав 2011 17:42:59 org.apache.catalina.startup.Catalina start
INFO: Server startup in 778 ms
