25 квіт 2011 11:24:33 org.apache.catalina.core.AprLifecycleListener init
INFO: Loaded APR based Apache Tomcat Native library 1.1.20.
25 квіт 2011 11:24:33 org.apache.catalina.core.AprLifecycleListener init
INFO: APR capabilities: IPv6 [true], sendfile [true], accept filters [false], random [true].
25 квіт 2011 11:24:34 org.apache.coyote.http11.Http11AprProtocol init
INFO: Initializing Coyote HTTP/1.1 on http-8082
25 квіт 2011 11:24:34 org.apache.coyote.ajp.AjpAprProtocol init
INFO: Initializing Coyote AJP/1.3 on ajp-8009
25 квіт 2011 11:24:34 org.apache.catalina.startup.Catalina load
INFO: Initialization processed in 976 ms
25 квіт 2011 11:24:34 org.apache.catalina.core.StandardService start
INFO: Starting service Catalina
25 квіт 2011 11:24:34 org.apache.catalina.core.StandardEngine start
INFO: Starting Servlet Engine: Apache Tomcat/6.0.32
25 квіт 2011 11:24:34 org.apache.catalina.startup.HostConfig deployDescriptor
INFO: Deploying configuration descriptor host-manager.xml
25 квіт 2011 11:24:34 org.apache.catalina.startup.HostConfig deployDescriptor
INFO: Deploying configuration descriptor manager.xml
25 квіт 2011 11:24:35 org.apache.catalina.startup.HostConfig deployDirectory
INFO: Deploying web application directory docs
25 квіт 2011 11:24:35 org.apache.catalina.startup.HostConfig deployDirectory
INFO: Deploying web application directory examples
25 квіт 2011 11:24:35 org.apache.catalina.startup.HostConfig deployDirectory
INFO: Deploying web application directory ROOT
25 квіт 2011 11:24:35 org.apache.coyote.http11.Http11AprProtocol start
INFO: Starting Coyote HTTP/1.1 on http-8082
25 квіт 2011 11:24:35 org.apache.coyote.ajp.AjpAprProtocol start
INFO: Starting Coyote AJP/1.3 on ajp-8009
25 квіт 2011 11:24:35 org.apache.catalina.startup.Catalina start
INFO: Server startup in 1184 ms
25 квіт 2011 11:32:36 org.apache.coyote.http11.Http11AprProtocol pause
INFO: Pausing Coyote HTTP/1.1 on http-8082
25 квіт 2011 11:32:36 org.apache.coyote.ajp.AjpAprProtocol pause
INFO: Pausing Coyote AJP/1.3 on ajp-8009
25 квіт 2011 11:32:37 org.apache.catalina.core.StandardService stop
INFO: Stopping service Catalina
25 квіт 2011 11:32:37 org.apache.coyote.http11.Http11AprProtocol destroy
INFO: Stopping Coyote HTTP/1.1 on http-8082
25 квіт 2011 11:32:37 org.apache.coyote.ajp.AjpAprProtocol destroy
INFO: Stopping Coyote AJP/1.3 on ajp-8009
25 квіт 2011 11:32:40 org.apache.catalina.core.AprLifecycleListener init
INFO: Loaded APR based Apache Tomcat Native library 1.1.20.
25 квіт 2011 11:32:40 org.apache.catalina.core.AprLifecycleListener init
INFO: APR capabilities: IPv6 [true], sendfile [true], accept filters [false], random [true].
25 квіт 2011 11:32:41 org.apache.coyote.http11.Http11AprProtocol init
INFO: Initializing Coyote HTTP/1.1 on http-8082
25 квіт 2011 11:32:41 org.apache.coyote.ajp.AjpAprProtocol init
INFO: Initializing Coyote AJP/1.3 on ajp-8009
25 квіт 2011 11:32:41 org.apache.catalina.startup.Catalina load
INFO: Initialization processed in 834 ms
25 квіт 2011 11:32:41 org.apache.catalina.core.StandardService start
INFO: Starting service Catalina
25 квіт 2011 11:32:41 org.apache.catalina.core.StandardEngine start
INFO: Starting Servlet Engine: Apache Tomcat/6.0.32
25 квіт 2011 11:32:41 org.apache.catalina.startup.HostConfig deployDescriptor
INFO: Deploying configuration descriptor host-manager.xml
25 квіт 2011 11:32:41 org.apache.catalina.startup.HostConfig deployDescriptor
INFO: Deploying configuration descriptor manager.xml
25 квіт 2011 11:32:41 org.apache.catalina.startup.HostConfig deployDirectory
INFO: Deploying web application directory docs
25 квіт 2011 11:32:41 org.apache.catalina.startup.HostConfig deployDirectory
INFO: Deploying web application directory examples
25 квіт 2011 11:32:41 org.apache.catalina.startup.HostConfig deployDirectory
INFO: Deploying web application directory ROOT
25 квіт 2011 11:32:41 org.apache.coyote.http11.Http11AprProtocol start
INFO: Starting Coyote HTTP/1.1 on http-8082
25 квіт 2011 11:32:41 org.apache.coyote.ajp.AjpAprProtocol start
INFO: Starting Coyote AJP/1.3 on ajp-8009
25 квіт 2011 11:32:41 org.apache.catalina.startup.Catalina start
INFO: Server startup in 630 ms
25 квіт 2011 11:34:06 org.apache.coyote.http11.Http11AprProtocol pause
INFO: Pausing Coyote HTTP/1.1 on http-8082
25 квіт 2011 11:34:06 org.apache.coyote.ajp.AjpAprProtocol pause
INFO: Pausing Coyote AJP/1.3 on ajp-8009
25 квіт 2011 11:34:07 org.apache.catalina.core.StandardService stop
INFO: Stopping service Catalina
25 квіт 2011 11:34:07 org.apache.coyote.http11.Http11AprProtocol destroy
INFO: Stopping Coyote HTTP/1.1 on http-8082
25 квіт 2011 11:34:07 org.apache.coyote.ajp.AjpAprProtocol destroy
INFO: Stopping Coyote AJP/1.3 on ajp-8009
25 квіт 2011 11:42:49 org.apache.catalina.core.AprLifecycleListener init
INFO: Loaded APR based Apache Tomcat Native library 1.1.20.
25 квіт 2011 11:42:49 org.apache.catalina.core.AprLifecycleListener init
INFO: APR capabilities: IPv6 [true], sendfile [true], accept filters [false], random [true].
25 квіт 2011 11:42:49 org.apache.coyote.http11.Http11AprProtocol init
SEVERE: Error initializing endpoint
java.lang.Exception: Socket bind failed: [730048] ?????? ??????????? ?????? ???? ????????????? ?????? ?????? (????????/??????? ?????/????).  
	at org.apache.tomcat.util.net.AprEndpoint.init(AprEndpoint.java:649)
	at org.apache.coyote.http11.Http11AprProtocol.init(Http11AprProtocol.java:107)
	at org.apache.catalina.connector.Connector.initialize(Connector.java:1022)
	at org.apache.catalina.core.StandardService.initialize(StandardService.java:703)
	at org.apache.catalina.core.StandardServer.initialize(StandardServer.java:838)
	at org.apache.catalina.startup.Catalina.load(Catalina.java:538)
	at org.apache.catalina.startup.Catalina.load(Catalina.java:562)
	at sun.reflect.NativeMethodAccessorImpl.invoke0(Native Method)
	at sun.reflect.NativeMethodAccessorImpl.invoke(NativeMethodAccessorImpl.java:39)
	at sun.reflect.DelegatingMethodAccessorImpl.invoke(DelegatingMethodAccessorImpl.java:25)
	at java.lang.reflect.Method.invoke(Method.java:597)
	at org.apache.catalina.startup.Bootstrap.load(Bootstrap.java:261)
	at org.apache.catalina.startup.Bootstrap.main(Bootstrap.java:413)
25 квіт 2011 11:42:49 org.apache.catalina.core.StandardService initialize
SEVERE: Failed to initialize connector [Connector[HTTP/1.1-8082]]
LifecycleException:  Protocol handler initialization failed: java.lang.Exception: Socket bind failed: [730048] ?????? ??????????? ?????? ???? ????????????? ?????? ?????? (????????/??????? ?????/????).  
	at org.apache.catalina.connector.Connector.initialize(Connector.java:1024)
	at org.apache.catalina.core.StandardService.initialize(StandardService.java:703)
	at org.apache.catalina.core.StandardServer.initialize(StandardServer.java:838)
	at org.apache.catalina.startup.Catalina.load(Catalina.java:538)
	at org.apache.catalina.startup.Catalina.load(Catalina.java:562)
	at sun.reflect.NativeMethodAccessorImpl.invoke0(Native Method)
	at sun.reflect.NativeMethodAccessorImpl.invoke(NativeMethodAccessorImpl.java:39)
	at sun.reflect.DelegatingMethodAccessorImpl.invoke(DelegatingMethodAccessorImpl.java:25)
	at java.lang.reflect.Method.invoke(Method.java:597)
	at org.apache.catalina.startup.Bootstrap.load(Bootstrap.java:261)
	at org.apache.catalina.startup.Bootstrap.main(Bootstrap.java:413)
25 квіт 2011 11:42:49 org.apache.coyote.ajp.AjpAprProtocol init
SEVERE: Error initializing endpoint
java.lang.Exception: Socket bind failed: [730048] ?????? ??????????? ?????? ???? ????????????? ?????? ?????? (????????/??????? ?????/????).  
	at org.apache.tomcat.util.net.AprEndpoint.init(AprEndpoint.java:649)
	at org.apache.coyote.ajp.AjpAprProtocol.init(AjpAprProtocol.java:160)
	at org.apache.catalina.connector.Connector.initialize(Connector.java:1022)
	at org.apache.catalina.core.StandardService.initialize(StandardService.java:703)
	at org.apache.catalina.core.StandardServer.initialize(StandardServer.java:838)
	at org.apache.catalina.startup.Catalina.load(Catalina.java:538)
	at org.apache.catalina.startup.Catalina.load(Catalina.java:562)
	at sun.reflect.NativeMethodAccessorImpl.invoke0(Native Method)
	at sun.reflect.NativeMethodAccessorImpl.invoke(NativeMethodAccessorImpl.java:39)
	at sun.reflect.DelegatingMethodAccessorImpl.invoke(DelegatingMethodAccessorImpl.java:25)
	at java.lang.reflect.Method.invoke(Method.java:597)
	at org.apache.catalina.startup.Bootstrap.load(Bootstrap.java:261)
	at org.apache.catalina.startup.Bootstrap.main(Bootstrap.java:413)
25 квіт 2011 11:42:49 org.apache.catalina.core.StandardService initialize
SEVERE: Failed to initialize connector [Connector[AJP/1.3-8009]]
LifecycleException:  Protocol handler initialization failed: java.lang.Exception: Socket bind failed: [730048] ?????? ??????????? ?????? ???? ????????????? ?????? ?????? (????????/??????? ?????/????).  
	at org.apache.catalina.connector.Connector.initialize(Connector.java:1024)
	at org.apache.catalina.core.StandardService.initialize(StandardService.java:703)
	at org.apache.catalina.core.StandardServer.initialize(StandardServer.java:838)
	at org.apache.catalina.startup.Catalina.load(Catalina.java:538)
	at org.apache.catalina.startup.Catalina.load(Catalina.java:562)
	at sun.reflect.NativeMethodAccessorImpl.invoke0(Native Method)
	at sun.reflect.NativeMethodAccessorImpl.invoke(NativeMethodAccessorImpl.java:39)
	at sun.reflect.DelegatingMethodAccessorImpl.invoke(DelegatingMethodAccessorImpl.java:25)
	at java.lang.reflect.Method.invoke(Method.java:597)
	at org.apache.catalina.startup.Bootstrap.load(Bootstrap.java:261)
	at org.apache.catalina.startup.Bootstrap.main(Bootstrap.java:413)
25 квіт 2011 11:42:49 org.apache.catalina.startup.Catalina load
INFO: Initialization processed in 952 ms
25 квіт 2011 11:42:49 org.apache.catalina.core.StandardService start
INFO: Starting service Catalina
25 квіт 2011 11:42:49 org.apache.catalina.core.StandardEngine start
INFO: Starting Servlet Engine: Apache Tomcat/6.0.32
25 квіт 2011 11:42:49 org.apache.catalina.startup.HostConfig deployDescriptor
INFO: Deploying configuration descriptor host-manager.xml
25 квіт 2011 11:42:50 org.apache.catalina.startup.HostConfig deployDescriptor
INFO: Deploying configuration descriptor manager.xml
25 квіт 2011 11:42:50 org.apache.catalina.startup.HostConfig deployDirectory
INFO: Deploying web application directory docs
25 квіт 2011 11:42:50 org.apache.catalina.startup.HostConfig deployDirectory
INFO: Deploying web application directory examples
25 квіт 2011 11:42:50 org.apache.catalina.startup.HostConfig deployDirectory
INFO: Deploying web application directory ROOT
25 квіт 2011 11:42:50 org.apache.catalina.startup.HostConfig deployDirectory
INFO: Deploying web application directory TestServlet
25 квіт 2011 11:42:50 org.apache.coyote.http11.Http11AprProtocol start
SEVERE: Error starting endpoint
java.lang.Exception: Socket bind failed: [730048] ?????? ??????????? ?????? ???? ????????????? ?????? ?????? (????????/??????? ?????/????).  
	at org.apache.tomcat.util.net.AprEndpoint.init(AprEndpoint.java:649)
	at org.apache.tomcat.util.net.AprEndpoint.start(AprEndpoint.java:756)
	at org.apache.coyote.http11.Http11AprProtocol.start(Http11AprProtocol.java:137)
	at org.apache.catalina.connector.Connector.start(Connector.java:1095)
	at org.apache.catalina.core.StandardService.start(StandardService.java:540)
	at org.apache.catalina.core.StandardServer.start(StandardServer.java:754)
	at org.apache.catalina.startup.Catalina.start(Catalina.java:595)
	at sun.reflect.NativeMethodAccessorImpl.invoke0(Native Method)
	at sun.reflect.NativeMethodAccessorImpl.invoke(NativeMethodAccessorImpl.java:39)
	at sun.reflect.DelegatingMethodAccessorImpl.invoke(DelegatingMethodAccessorImpl.java:25)
	at java.lang.reflect.Method.invoke(Method.java:597)
	at org.apache.catalina.startup.Bootstrap.start(Bootstrap.java:289)
	at org.apache.catalina.startup.Bootstrap.main(Bootstrap.java:414)
25 квіт 2011 11:42:50 org.apache.catalina.core.StandardService start
SEVERE: Failed to start connector [Connector[HTTP/1.1-8082]]
LifecycleException:  service.getName(): "Catalina";  Protocol handler start failed: java.lang.Exception: Socket bind failed: [730048] ?????? ??????????? ?????? ???? ????????????? ?????? ?????? (????????/??????? ?????/????).  
	at org.apache.catalina.connector.Connector.start(Connector.java:1102)
	at org.apache.catalina.core.StandardService.start(StandardService.java:540)
	at org.apache.catalina.core.StandardServer.start(StandardServer.java:754)
	at org.apache.catalina.startup.Catalina.start(Catalina.java:595)
	at sun.reflect.NativeMethodAccessorImpl.invoke0(Native Method)
	at sun.reflect.NativeMethodAccessorImpl.invoke(NativeMethodAccessorImpl.java:39)
	at sun.reflect.DelegatingMethodAccessorImpl.invoke(DelegatingMethodAccessorImpl.java:25)
	at java.lang.reflect.Method.invoke(Method.java:597)
	at org.apache.catalina.startup.Bootstrap.start(Bootstrap.java:289)
	at org.apache.catalina.startup.Bootstrap.main(Bootstrap.java:414)
25 квіт 2011 11:42:50 org.apache.coyote.ajp.AjpAprProtocol start
SEVERE: Error starting endpoint
java.lang.Exception: Socket bind failed: [730048] ?????? ??????????? ?????? ???? ????????????? ?????? ?????? (????????/??????? ?????/????).  
	at org.apache.tomcat.util.net.AprEndpoint.init(AprEndpoint.java:649)
	at org.apache.tomcat.util.net.AprEndpoint.start(AprEndpoint.java:756)
	at org.apache.coyote.ajp.AjpAprProtocol.start(AjpAprProtocol.java:188)
	at org.apache.catalina.connector.Connector.start(Connector.java:1095)
	at org.apache.catalina.core.StandardService.start(StandardService.java:540)
	at org.apache.catalina.core.StandardServer.start(StandardServer.java:754)
	at org.apache.catalina.startup.Catalina.start(Catalina.java:595)
	at sun.reflect.NativeMethodAccessorImpl.invoke0(Native Method)
	at sun.reflect.NativeMethodAccessorImpl.invoke(NativeMethodAccessorImpl.java:39)
	at sun.reflect.DelegatingMethodAccessorImpl.invoke(DelegatingMethodAccessorImpl.java:25)
	at java.lang.reflect.Method.invoke(Method.java:597)
	at org.apache.catalina.startup.Bootstrap.start(Bootstrap.java:289)
	at org.apache.catalina.startup.Bootstrap.main(Bootstrap.java:414)
25 квіт 2011 11:42:50 org.apache.catalina.core.StandardService start
SEVERE: Failed to start connector [Connector[AJP/1.3-8009]]
LifecycleException:  service.getName(): "Catalina";  Protocol handler start failed: java.lang.Exception: Socket bind failed: [730048] ?????? ??????????? ?????? ???? ????????????? ?????? ?????? (????????/??????? ?????/????).  
	at org.apache.catalina.connector.Connector.start(Connector.java:1102)
	at org.apache.catalina.core.StandardService.start(StandardService.java:540)
	at org.apache.catalina.core.StandardServer.start(StandardServer.java:754)
	at org.apache.catalina.startup.Catalina.start(Catalina.java:595)
	at sun.reflect.NativeMethodAccessorImpl.invoke0(Native Method)
	at sun.reflect.NativeMethodAccessorImpl.invoke(NativeMethodAccessorImpl.java:39)
	at sun.reflect.DelegatingMethodAccessorImpl.invoke(DelegatingMethodAccessorImpl.java:25)
	at java.lang.reflect.Method.invoke(Method.java:597)
	at org.apache.catalina.startup.Bootstrap.start(Bootstrap.java:289)
	at org.apache.catalina.startup.Bootstrap.main(Bootstrap.java:414)
25 квіт 2011 11:42:50 org.apache.catalina.startup.Catalina start
INFO: Server startup in 679 ms
25 квіт 2011 11:42:50 org.apache.catalina.core.StandardServer await
SEVERE: StandardServer.await: create[8005]: 
java.net.BindException: Address already in use: JVM_Bind
	at java.net.PlainSocketImpl.socketBind(Native Method)
	at java.net.PlainSocketImpl.bind(PlainSocketImpl.java:383)
	at java.net.ServerSocket.bind(ServerSocket.java:328)
	at java.net.ServerSocket.<init>(ServerSocket.java:194)
	at org.apache.catalina.core.StandardServer.await(StandardServer.java:406)
	at org.apache.catalina.startup.Catalina.await(Catalina.java:676)
	at org.apache.catalina.startup.Catalina.start(Catalina.java:628)
	at sun.reflect.NativeMethodAccessorImpl.invoke0(Native Method)
	at sun.reflect.NativeMethodAccessorImpl.invoke(NativeMethodAccessorImpl.java:39)
	at sun.reflect.DelegatingMethodAccessorImpl.invoke(DelegatingMethodAccessorImpl.java:25)
	at java.lang.reflect.Method.invoke(Method.java:597)
	at org.apache.catalina.startup.Bootstrap.start(Bootstrap.java:289)
	at org.apache.catalina.startup.Bootstrap.main(Bootstrap.java:414)
25 квіт 2011 11:42:50 org.apache.coyote.http11.Http11AprProtocol pause
INFO: Pausing Coyote HTTP/1.1 on http-8082
25 квіт 2011 11:42:50 org.apache.coyote.ajp.AjpAprProtocol pause
INFO: Pausing Coyote AJP/1.3 on ajp-8009
25 квіт 2011 11:42:51 org.apache.catalina.core.StandardService stop
INFO: Stopping service Catalina
25 квіт 2011 11:42:51 org.apache.coyote.http11.Http11AprProtocol destroy
INFO: Stopping Coyote HTTP/1.1 on http-8082
25 квіт 2011 11:42:51 org.apache.coyote.ajp.AjpAprProtocol destroy
INFO: Stopping Coyote AJP/1.3 on ajp-8009
25 квіт 2011 11:42:57 org.apache.catalina.core.AprLifecycleListener init
INFO: Loaded APR based Apache Tomcat Native library 1.1.20.
25 квіт 2011 11:42:57 org.apache.catalina.core.AprLifecycleListener init
INFO: APR capabilities: IPv6 [true], sendfile [true], accept filters [false], random [true].
25 квіт 2011 11:42:58 org.apache.coyote.http11.Http11AprProtocol init
INFO: Initializing Coyote HTTP/1.1 on http-8082
25 квіт 2011 11:42:58 org.apache.coyote.ajp.AjpAprProtocol init
INFO: Initializing Coyote AJP/1.3 on ajp-8009
25 квіт 2011 11:42:58 org.apache.catalina.startup.Catalina load
INFO: Initialization processed in 871 ms
25 квіт 2011 11:42:58 org.apache.catalina.core.StandardService start
INFO: Starting service Catalina
25 квіт 2011 11:42:58 org.apache.catalina.core.StandardEngine start
INFO: Starting Servlet Engine: Apache Tomcat/6.0.32
25 квіт 2011 11:42:58 org.apache.catalina.startup.HostConfig deployDescriptor
INFO: Deploying configuration descriptor host-manager.xml
25 квіт 2011 11:42:58 org.apache.catalina.startup.HostConfig deployDescriptor
INFO: Deploying configuration descriptor manager.xml
25 квіт 2011 11:42:58 org.apache.catalina.startup.HostConfig deployDirectory
INFO: Deploying web application directory docs
25 квіт 2011 11:42:58 org.apache.catalina.startup.HostConfig deployDirectory
INFO: Deploying web application directory examples
25 квіт 2011 11:42:58 org.apache.catalina.startup.HostConfig deployDirectory
INFO: Deploying web application directory ROOT
25 квіт 2011 11:42:58 org.apache.catalina.startup.HostConfig deployDirectory
INFO: Deploying web application directory TestServlet
25 квіт 2011 11:42:58 org.apache.coyote.http11.Http11AprProtocol start
INFO: Starting Coyote HTTP/1.1 on http-8082
25 квіт 2011 11:42:58 org.apache.coyote.ajp.AjpAprProtocol start
INFO: Starting Coyote AJP/1.3 on ajp-8009
25 квіт 2011 11:42:58 org.apache.catalina.startup.Catalina start
INFO: Server startup in 698 ms
25 квіт 2011 11:45:27 org.apache.coyote.http11.Http11AprProtocol pause
INFO: Pausing Coyote HTTP/1.1 on http-8082
25 квіт 2011 11:45:27 org.apache.coyote.ajp.AjpAprProtocol pause
INFO: Pausing Coyote AJP/1.3 on ajp-8009
25 квіт 2011 11:45:28 org.apache.catalina.core.StandardService stop
INFO: Stopping service Catalina
25 квіт 2011 11:45:28 org.apache.coyote.http11.Http11AprProtocol destroy
INFO: Stopping Coyote HTTP/1.1 on http-8082
25 квіт 2011 11:45:28 org.apache.coyote.ajp.AjpAprProtocol destroy
INFO: Stopping Coyote AJP/1.3 on ajp-8009
25 квіт 2011 11:45:35 org.apache.catalina.core.AprLifecycleListener init
INFO: Loaded APR based Apache Tomcat Native library 1.1.20.
25 квіт 2011 11:45:35 org.apache.catalina.core.AprLifecycleListener init
INFO: APR capabilities: IPv6 [true], sendfile [true], accept filters [false], random [true].
25 квіт 2011 11:45:36 org.apache.coyote.http11.Http11AprProtocol init
INFO: Initializing Coyote HTTP/1.1 on http-8082
25 квіт 2011 11:45:36 org.apache.coyote.ajp.AjpAprProtocol init
INFO: Initializing Coyote AJP/1.3 on ajp-8009
25 квіт 2011 11:45:36 org.apache.catalina.startup.Catalina load
INFO: Initialization processed in 887 ms
25 квіт 2011 11:45:36 org.apache.catalina.core.StandardService start
INFO: Starting service Catalina
25 квіт 2011 11:45:36 org.apache.catalina.core.StandardEngine start
INFO: Starting Servlet Engine: Apache Tomcat/6.0.32
25 квіт 2011 11:45:36 org.apache.catalina.startup.HostConfig deployDescriptor
INFO: Deploying configuration descriptor host-manager.xml
25 квіт 2011 11:45:36 org.apache.catalina.startup.HostConfig deployDescriptor
INFO: Deploying configuration descriptor manager.xml
25 квіт 2011 11:45:36 org.apache.catalina.startup.HostConfig deployDirectory
INFO: Deploying web application directory 333
25 квіт 2011 11:45:36 org.apache.catalina.startup.HostConfig deployDirectory
INFO: Deploying web application directory docs
25 квіт 2011 11:45:36 org.apache.catalina.startup.HostConfig deployDirectory
INFO: Deploying web application directory examples
25 квіт 2011 11:45:36 org.apache.catalina.startup.HostConfig deployDirectory
INFO: Deploying web application directory ROOT
25 квіт 2011 11:45:36 org.apache.coyote.http11.Http11AprProtocol start
INFO: Starting Coyote HTTP/1.1 on http-8082
25 квіт 2011 11:45:36 org.apache.coyote.ajp.AjpAprProtocol start
INFO: Starting Coyote AJP/1.3 on ajp-8009
25 квіт 2011 11:45:36 org.apache.catalina.startup.Catalina start
INFO: Server startup in 679 ms
25 квіт 2011 11:46:04 org.apache.catalina.startup.Catalina stopServer
SEVERE: Catalina.stop: 
java.net.ConnectException: Connection refused: connect
	at java.net.PlainSocketImpl.socketConnect(Native Method)
	at java.net.PlainSocketImpl.doConnect(PlainSocketImpl.java:351)
	at java.net.PlainSocketImpl.connectToAddress(PlainSocketImpl.java:213)
	at java.net.PlainSocketImpl.connect(PlainSocketImpl.java:200)
	at java.net.SocksSocketImpl.connect(SocksSocketImpl.java:366)
	at java.net.Socket.connect(Socket.java:529)
	at java.net.Socket.connect(Socket.java:478)
	at java.net.Socket.<init>(Socket.java:375)
	at java.net.Socket.<init>(Socket.java:189)
	at org.apache.catalina.startup.Catalina.stopServer(Catalina.java:422)
	at sun.reflect.NativeMethodAccessorImpl.invoke0(Native Method)
	at sun.reflect.NativeMethodAccessorImpl.invoke(NativeMethodAccessorImpl.java:39)
	at sun.reflect.DelegatingMethodAccessorImpl.invoke(DelegatingMethodAccessorImpl.java:25)
	at java.lang.reflect.Method.invoke(Method.java:597)
	at org.apache.catalina.startup.Bootstrap.stopServer(Bootstrap.java:338)
	at org.apache.catalina.startup.Bootstrap.main(Bootstrap.java:416)
25 квіт 2011 11:46:32 org.apache.catalina.core.AprLifecycleListener init
INFO: Loaded APR based Apache Tomcat Native library 1.1.20.
25 квіт 2011 11:46:32 org.apache.catalina.core.AprLifecycleListener init
INFO: APR capabilities: IPv6 [true], sendfile [true], accept filters [false], random [true].
25 квіт 2011 11:46:33 org.apache.coyote.http11.Http11AprProtocol init
INFO: Initializing Coyote HTTP/1.1 on http-8082
25 квіт 2011 11:46:33 org.apache.coyote.ajp.AjpAprProtocol init
INFO: Initializing Coyote AJP/1.3 on ajp-8009
25 квіт 2011 11:46:33 org.apache.catalina.startup.Catalina load
INFO: Initialization processed in 875 ms
25 квіт 2011 11:46:33 org.apache.catalina.core.StandardService start
INFO: Starting service Catalina
25 квіт 2011 11:46:33 org.apache.catalina.core.StandardEngine start
INFO: Starting Servlet Engine: Apache Tomcat/6.0.32
25 квіт 2011 11:46:33 org.apache.catalina.startup.HostConfig deployDescriptor
INFO: Deploying configuration descriptor host-manager.xml
25 квіт 2011 11:46:33 org.apache.catalina.startup.HostConfig deployDescriptor
INFO: Deploying configuration descriptor manager.xml
25 квіт 2011 11:46:33 org.apache.catalina.startup.HostConfig deployDirectory
INFO: Deploying web application directory docs
25 квіт 2011 11:46:33 org.apache.catalina.startup.HostConfig deployDirectory
INFO: Deploying web application directory examples
25 квіт 2011 11:46:33 org.apache.catalina.startup.HostConfig deployDirectory
INFO: Deploying web application directory ROOT
25 квіт 2011 11:46:33 org.apache.catalina.startup.HostConfig deployDirectory
INFO: Deploying web application directory T3
25 квіт 2011 11:46:33 org.apache.coyote.http11.Http11AprProtocol start
INFO: Starting Coyote HTTP/1.1 on http-8082
25 квіт 2011 11:46:33 org.apache.coyote.ajp.AjpAprProtocol start
INFO: Starting Coyote AJP/1.3 on ajp-8009
25 квіт 2011 11:46:33 org.apache.catalina.startup.Catalina start
INFO: Server startup in 700 ms
25 квіт 2011 11:48:07 org.apache.catalina.core.AprLifecycleListener init
INFO: Loaded APR based Apache Tomcat Native library 1.1.20.
25 квіт 2011 11:48:07 org.apache.catalina.core.AprLifecycleListener init
INFO: APR capabilities: IPv6 [true], sendfile [true], accept filters [false], random [true].
25 квіт 2011 11:48:08 org.apache.coyote.http11.Http11AprProtocol init
INFO: Initializing Coyote HTTP/1.1 on http-8082
25 квіт 2011 11:48:08 org.apache.coyote.ajp.AjpAprProtocol init
INFO: Initializing Coyote AJP/1.3 on ajp-8009
25 квіт 2011 11:48:08 org.apache.catalina.startup.Catalina load
INFO: Initialization processed in 884 ms
25 квіт 2011 11:48:08 org.apache.catalina.core.StandardService start
INFO: Starting service Catalina
25 квіт 2011 11:48:08 org.apache.catalina.core.StandardEngine start
INFO: Starting Servlet Engine: Apache Tomcat/6.0.32
25 квіт 2011 11:48:08 org.apache.catalina.startup.HostConfig deployDescriptor
INFO: Deploying configuration descriptor host-manager.xml
25 квіт 2011 11:48:08 org.apache.catalina.startup.HostConfig deployDescriptor
INFO: Deploying configuration descriptor manager.xml
25 квіт 2011 11:48:08 org.apache.catalina.startup.HostConfig deployWAR
INFO: Deploying web application archive TestServlet.war
25 квіт 2011 11:48:08 org.apache.catalina.startup.HostConfig deployDirectory
INFO: Deploying web application directory docs
25 квіт 2011 11:48:08 org.apache.catalina.startup.HostConfig deployDirectory
INFO: Deploying web application directory examples
25 квіт 2011 11:48:08 org.apache.catalina.startup.HostConfig deployDirectory
INFO: Deploying web application directory ROOT
25 квіт 2011 11:48:08 org.apache.coyote.http11.Http11AprProtocol start
INFO: Starting Coyote HTTP/1.1 on http-8082
25 квіт 2011 11:48:08 org.apache.coyote.ajp.AjpAprProtocol start
INFO: Starting Coyote AJP/1.3 on ajp-8009
25 квіт 2011 11:48:08 org.apache.catalina.startup.Catalina start
INFO: Server startup in 662 ms
25 квіт 2011 11:50:25 org.apache.catalina.core.AprLifecycleListener init
INFO: Loaded APR based Apache Tomcat Native library 1.1.20.
25 квіт 2011 11:50:25 org.apache.catalina.core.AprLifecycleListener init
INFO: APR capabilities: IPv6 [true], sendfile [true], accept filters [false], random [true].
25 квіт 2011 11:50:25 org.apache.coyote.http11.Http11AprProtocol init
INFO: Initializing Coyote HTTP/1.1 on http-8082
25 квіт 2011 11:50:25 org.apache.coyote.ajp.AjpAprProtocol init
INFO: Initializing Coyote AJP/1.3 on ajp-8009
25 квіт 2011 11:50:25 org.apache.catalina.startup.Catalina load
INFO: Initialization processed in 1007 ms
25 квіт 2011 11:50:25 org.apache.catalina.core.StandardService start
INFO: Starting service Catalina
25 квіт 2011 11:50:25 org.apache.catalina.core.StandardEngine start
INFO: Starting Servlet Engine: Apache Tomcat/6.0.32
25 квіт 2011 11:50:25 org.apache.catalina.startup.HostConfig deployDescriptor
INFO: Deploying configuration descriptor host-manager.xml
25 квіт 2011 11:50:25 org.apache.catalina.startup.HostConfig deployDescriptor
INFO: Deploying configuration descriptor manager.xml
25 квіт 2011 11:50:26 org.apache.catalina.startup.HostConfig deployWAR
INFO: Deploying web application archive TestServlet.war
25 квіт 2011 11:50:26 org.apache.catalina.startup.HostConfig deployDirectory
INFO: Deploying web application directory docs
25 квіт 2011 11:50:26 org.apache.catalina.startup.HostConfig deployDirectory
INFO: Deploying web application directory examples
25 квіт 2011 11:50:26 org.apache.catalina.startup.HostConfig deployDirectory
INFO: Deploying web application directory ROOT
25 квіт 2011 11:50:26 org.apache.catalina.startup.HostConfig deployDirectory
INFO: Deploying web application directory TestServlet111
25 квіт 2011 11:50:26 org.apache.coyote.http11.Http11AprProtocol start
INFO: Starting Coyote HTTP/1.1 on http-8082
25 квіт 2011 11:50:26 org.apache.coyote.ajp.AjpAprProtocol start
INFO: Starting Coyote AJP/1.3 on ajp-8009
25 квіт 2011 11:50:26 org.apache.catalina.startup.Catalina start
INFO: Server startup in 755 ms
25 квіт 2011 11:53:36 org.apache.catalina.core.AprLifecycleListener init
INFO: Loaded APR based Apache Tomcat Native library 1.1.20.
25 квіт 2011 11:53:36 org.apache.catalina.core.AprLifecycleListener init
INFO: APR capabilities: IPv6 [true], sendfile [true], accept filters [false], random [true].
25 квіт 2011 11:53:36 org.apache.coyote.http11.Http11AprProtocol init
INFO: Initializing Coyote HTTP/1.1 on http-8082
25 квіт 2011 11:53:36 org.apache.coyote.ajp.AjpAprProtocol init
INFO: Initializing Coyote AJP/1.3 on ajp-8009
25 квіт 2011 11:53:36 org.apache.catalina.startup.Catalina load
INFO: Initialization processed in 1007 ms
25 квіт 2011 11:53:36 org.apache.catalina.core.StandardService start
INFO: Starting service Catalina
25 квіт 2011 11:53:36 org.apache.catalina.core.StandardEngine start
INFO: Starting Servlet Engine: Apache Tomcat/6.0.32
25 квіт 2011 11:53:36 org.apache.catalina.startup.HostConfig deployDescriptor
INFO: Deploying configuration descriptor host-manager.xml
25 квіт 2011 11:53:36 org.apache.catalina.startup.HostConfig deployDescriptor
INFO: Deploying configuration descriptor manager.xml
25 квіт 2011 11:53:37 org.apache.catalina.startup.HostConfig deployWAR
INFO: Deploying web application archive Test.war
25 квіт 2011 11:53:37 org.apache.catalina.startup.HostConfig deployDirectory
INFO: Deploying web application directory docs
25 квіт 2011 11:53:37 org.apache.catalina.startup.HostConfig deployDirectory
INFO: Deploying web application directory examples
25 квіт 2011 11:53:37 org.apache.catalina.startup.HostConfig deployDirectory
INFO: Deploying web application directory ROOT
25 квіт 2011 11:53:37 org.apache.catalina.startup.HostConfig deployDirectory
INFO: Deploying web application directory TestServlet
25 квіт 2011 11:53:37 org.apache.coyote.http11.Http11AprProtocol start
INFO: Starting Coyote HTTP/1.1 on http-8082
25 квіт 2011 11:53:37 org.apache.coyote.ajp.AjpAprProtocol start
INFO: Starting Coyote AJP/1.3 on ajp-8009
25 квіт 2011 11:53:37 org.apache.catalina.startup.Catalina start
INFO: Server startup in 752 ms
25 квіт 2011 12:15:07 org.apache.catalina.startup.HostConfig checkResources
INFO: Undeploying context [/Test]
25 квіт 2011 12:15:07 org.apache.catalina.startup.HostConfig deployWAR
INFO: Deploying web application archive Test.war
25 квіт 2011 12:15:08 org.apache.coyote.http11.Http11AprProtocol pause
INFO: Pausing Coyote HTTP/1.1 on http-8082
25 квіт 2011 12:15:08 org.apache.coyote.ajp.AjpAprProtocol pause
INFO: Pausing Coyote AJP/1.3 on ajp-8009
25 квіт 2011 12:15:09 org.apache.catalina.core.StandardService stop
INFO: Stopping service Catalina
25 квіт 2011 12:15:09 org.apache.coyote.http11.Http11AprProtocol destroy
INFO: Stopping Coyote HTTP/1.1 on http-8082
25 квіт 2011 12:15:09 org.apache.coyote.ajp.AjpAprProtocol destroy
INFO: Stopping Coyote AJP/1.3 on ajp-8009
25 квіт 2011 12:15:11 org.apache.catalina.core.AprLifecycleListener init
INFO: Loaded APR based Apache Tomcat Native library 1.1.20.
25 квіт 2011 12:15:11 org.apache.catalina.core.AprLifecycleListener init
INFO: APR capabilities: IPv6 [true], sendfile [true], accept filters [false], random [true].
25 квіт 2011 12:15:12 org.apache.coyote.http11.Http11AprProtocol init
INFO: Initializing Coyote HTTP/1.1 on http-8082
25 квіт 2011 12:15:12 org.apache.coyote.ajp.AjpAprProtocol init
INFO: Initializing Coyote AJP/1.3 on ajp-8009
25 квіт 2011 12:15:12 org.apache.catalina.startup.Catalina load
INFO: Initialization processed in 848 ms
25 квіт 2011 12:15:12 org.apache.catalina.core.StandardService start
INFO: Starting service Catalina
25 квіт 2011 12:15:12 org.apache.catalina.core.StandardEngine start
INFO: Starting Servlet Engine: Apache Tomcat/6.0.32
25 квіт 2011 12:15:12 org.apache.catalina.startup.HostConfig deployDescriptor
INFO: Deploying configuration descriptor host-manager.xml
25 квіт 2011 12:15:12 org.apache.catalina.startup.HostConfig deployDescriptor
INFO: Deploying configuration descriptor manager.xml
25 квіт 2011 12:15:12 org.apache.catalina.startup.HostConfig deployWAR
INFO: Deploying web application archive Test.war
25 квіт 2011 12:15:12 org.apache.catalina.startup.HostConfig deployDirectory
INFO: Deploying web application directory docs
25 квіт 2011 12:15:12 org.apache.catalina.startup.HostConfig deployDirectory
INFO: Deploying web application directory examples
25 квіт 2011 12:15:13 org.apache.catalina.startup.HostConfig deployDirectory
INFO: Deploying web application directory ROOT
25 квіт 2011 12:15:13 org.apache.catalina.startup.HostConfig deployDirectory
INFO: Deploying web application directory TestServlet
25 квіт 2011 12:15:13 org.apache.coyote.http11.Http11AprProtocol start
INFO: Starting Coyote HTTP/1.1 on http-8082
25 квіт 2011 12:15:13 org.apache.coyote.ajp.AjpAprProtocol start
INFO: Starting Coyote AJP/1.3 on ajp-8009
25 квіт 2011 12:15:13 org.apache.catalina.startup.Catalina start
INFO: Server startup in 718 ms
