24 квіт 2011 23:07:02 org.apache.catalina.core.AprLifecycleListener init
INFO: Loaded APR based Apache Tomcat Native library 1.1.20.
24 квіт 2011 23:07:02 org.apache.catalina.core.AprLifecycleListener init
INFO: APR capabilities: IPv6 [true], sendfile [true], accept filters [false], random [true].
24 квіт 2011 23:07:03 org.apache.coyote.http11.Http11AprProtocol init
INFO: Initializing Coyote HTTP/1.1 on http-8082
24 квіт 2011 23:07:03 org.apache.coyote.ajp.AjpAprProtocol init
INFO: Initializing Coyote AJP/1.3 on ajp-8009
24 квіт 2011 23:07:03 org.apache.catalina.startup.Catalina load
INFO: Initialization processed in 897 ms
24 квіт 2011 23:07:03 org.apache.catalina.core.StandardService start
INFO: Starting service Catalina
24 квіт 2011 23:07:03 org.apache.catalina.core.StandardEngine start
INFO: Starting Servlet Engine: Apache Tomcat/6.0.32
24 квіт 2011 23:07:03 org.apache.catalina.startup.HostConfig deployDirectory
INFO: Deploying web application directory docs
24 квіт 2011 23:07:03 org.apache.catalina.startup.HostConfig deployDirectory
INFO: Deploying web application directory examples
24 квіт 2011 23:07:03 org.apache.catalina.startup.HostConfig deployDirectory
INFO: Deploying web application directory host-manager
24 квіт 2011 23:07:03 org.apache.catalina.startup.HostConfig deployDirectory
INFO: Deploying web application directory manager
24 квіт 2011 23:07:03 org.apache.catalina.startup.HostConfig deployDirectory
INFO: Deploying web application directory ROOT
24 квіт 2011 23:07:03 org.apache.coyote.http11.Http11AprProtocol start
INFO: Starting Coyote HTTP/1.1 on http-8082
24 квіт 2011 23:07:03 org.apache.coyote.ajp.AjpAprProtocol start
INFO: Starting Coyote AJP/1.3 on ajp-8009
24 квіт 2011 23:07:03 org.apache.catalina.startup.Catalina start
INFO: Server startup in 627 ms
24 квіт 2011 23:07:10 org.apache.coyote.http11.Http11AprProtocol pause
INFO: Pausing Coyote HTTP/1.1 on http-8082
24 квіт 2011 23:07:10 org.apache.coyote.ajp.AjpAprProtocol pause
INFO: Pausing Coyote AJP/1.3 on ajp-8009
24 квіт 2011 23:07:11 org.apache.catalina.core.StandardService stop
INFO: Stopping service Catalina
24 квіт 2011 23:07:11 org.apache.coyote.http11.Http11AprProtocol destroy
INFO: Stopping Coyote HTTP/1.1 on http-8082
24 квіт 2011 23:07:11 org.apache.coyote.ajp.AjpAprProtocol destroy
INFO: Stopping Coyote AJP/1.3 on ajp-8009
24 квіт 2011 23:11:20 org.apache.catalina.core.AprLifecycleListener init
INFO: Loaded APR based Apache Tomcat Native library 1.1.20.
24 квіт 2011 23:11:20 org.apache.catalina.core.AprLifecycleListener init
INFO: APR capabilities: IPv6 [true], sendfile [true], accept filters [false], random [true].
24 квіт 2011 23:11:21 org.apache.coyote.http11.Http11AprProtocol init
INFO: Initializing Coyote HTTP/1.1 on http-8082
24 квіт 2011 23:11:21 org.apache.coyote.ajp.AjpAprProtocol init
INFO: Initializing Coyote AJP/1.3 on ajp-8009
24 квіт 2011 23:11:21 org.apache.catalina.startup.Catalina load
INFO: Initialization processed in 1060 ms
24 квіт 2011 23:11:21 org.apache.catalina.core.StandardService start
INFO: Starting service Catalina
24 квіт 2011 23:11:21 org.apache.catalina.core.StandardEngine start
INFO: Starting Servlet Engine: Apache Tomcat/6.0.32
24 квіт 2011 23:11:21 org.apache.catalina.startup.HostConfig deployDescriptor
INFO: Deploying configuration descriptor host-manager.xml
24 квіт 2011 23:11:21 org.apache.catalina.startup.HostConfig deployDescriptor
INFO: Deploying configuration descriptor manager.xml
24 квіт 2011 23:11:21 org.apache.catalina.startup.HostConfig deployWAR
INFO: Deploying web application archive Test Servlet.war
24 квіт 2011 23:11:21 org.apache.catalina.startup.HostConfig deployDirectory
INFO: Deploying web application directory docs
24 квіт 2011 23:11:21 org.apache.catalina.startup.HostConfig deployDirectory
INFO: Deploying web application directory examples
24 квіт 2011 23:11:21 org.apache.catalina.startup.HostConfig deployDirectory
INFO: Deploying web application directory ROOT
24 квіт 2011 23:11:21 org.apache.coyote.http11.Http11AprProtocol start
INFO: Starting Coyote HTTP/1.1 on http-8082
24 квіт 2011 23:11:21 org.apache.coyote.ajp.AjpAprProtocol start
INFO: Starting Coyote AJP/1.3 on ajp-8009
24 квіт 2011 23:11:21 org.apache.catalina.startup.Catalina start
INFO: Server startup in 712 ms
24 квіт 2011 23:13:55 org.apache.coyote.http11.Http11AprProtocol pause
INFO: Pausing Coyote HTTP/1.1 on http-8082
24 квіт 2011 23:13:55 org.apache.coyote.ajp.AjpAprProtocol pause
INFO: Pausing Coyote AJP/1.3 on ajp-8009
24 квіт 2011 23:13:56 org.apache.catalina.core.StandardService stop
INFO: Stopping service Catalina
24 квіт 2011 23:13:56 org.apache.coyote.http11.Http11AprProtocol destroy
INFO: Stopping Coyote HTTP/1.1 on http-8082
24 квіт 2011 23:13:56 org.apache.coyote.ajp.AjpAprProtocol destroy
INFO: Stopping Coyote AJP/1.3 on ajp-8009
24 квіт 2011 23:13:59 org.apache.catalina.core.AprLifecycleListener init
INFO: Loaded APR based Apache Tomcat Native library 1.1.20.
24 квіт 2011 23:13:59 org.apache.catalina.core.AprLifecycleListener init
INFO: APR capabilities: IPv6 [true], sendfile [true], accept filters [false], random [true].
24 квіт 2011 23:13:59 org.apache.coyote.http11.Http11AprProtocol init
INFO: Initializing Coyote HTTP/1.1 on http-8082
24 квіт 2011 23:13:59 org.apache.coyote.ajp.AjpAprProtocol init
INFO: Initializing Coyote AJP/1.3 on ajp-8009
24 квіт 2011 23:13:59 org.apache.catalina.startup.Catalina load
INFO: Initialization processed in 891 ms
24 квіт 2011 23:13:59 org.apache.catalina.core.StandardService start
INFO: Starting service Catalina
24 квіт 2011 23:13:59 org.apache.catalina.core.StandardEngine start
INFO: Starting Servlet Engine: Apache Tomcat/6.0.32
24 квіт 2011 23:13:59 org.apache.catalina.startup.HostConfig deployDescriptor
INFO: Deploying configuration descriptor host-manager.xml
24 квіт 2011 23:14:00 org.apache.catalina.startup.HostConfig deployDescriptor
INFO: Deploying configuration descriptor manager.xml
24 квіт 2011 23:14:00 org.apache.catalina.startup.HostConfig deployWAR
INFO: Deploying web application archive Test Servlet.war
24 квіт 2011 23:14:00 org.apache.catalina.startup.HostConfig deployDirectory
INFO: Deploying web application directory docs
24 квіт 2011 23:14:00 org.apache.catalina.startup.HostConfig deployDirectory
INFO: Deploying web application directory examples
24 квіт 2011 23:14:00 org.apache.catalina.startup.HostConfig deployDirectory
INFO: Deploying web application directory ROOT
24 квіт 2011 23:14:00 org.apache.coyote.http11.Http11AprProtocol start
INFO: Starting Coyote HTTP/1.1 on http-8082
24 квіт 2011 23:14:00 org.apache.coyote.ajp.AjpAprProtocol start
INFO: Starting Coyote AJP/1.3 on ajp-8009
24 квіт 2011 23:14:00 org.apache.catalina.startup.Catalina start
INFO: Server startup in 752 ms
24 квіт 2011 23:14:41 org.apache.catalina.startup.HostConfig checkResources
INFO: Undeploying context [/Test Servlet]
24 квіт 2011 23:14:41 org.apache.catalina.startup.HostConfig deployWAR
INFO: Deploying web application archive Test Servlet.war
24 квіт 2011 23:15:02 org.apache.coyote.http11.Http11AprProtocol pause
INFO: Pausing Coyote HTTP/1.1 on http-8082
24 квіт 2011 23:15:02 org.apache.coyote.ajp.AjpAprProtocol pause
INFO: Pausing Coyote AJP/1.3 on ajp-8009
24 квіт 2011 23:15:03 org.apache.catalina.core.StandardService stop
INFO: Stopping service Catalina
24 квіт 2011 23:15:03 org.apache.coyote.http11.Http11AprProtocol destroy
INFO: Stopping Coyote HTTP/1.1 on http-8082
24 квіт 2011 23:15:03 org.apache.coyote.ajp.AjpAprProtocol destroy
INFO: Stopping Coyote AJP/1.3 on ajp-8009
24 квіт 2011 23:15:05 org.apache.catalina.core.AprLifecycleListener init
INFO: Loaded APR based Apache Tomcat Native library 1.1.20.
24 квіт 2011 23:15:05 org.apache.catalina.core.AprLifecycleListener init
INFO: APR capabilities: IPv6 [true], sendfile [true], accept filters [false], random [true].
24 квіт 2011 23:15:06 org.apache.coyote.http11.Http11AprProtocol init
INFO: Initializing Coyote HTTP/1.1 on http-8082
24 квіт 2011 23:15:06 org.apache.coyote.ajp.AjpAprProtocol init
INFO: Initializing Coyote AJP/1.3 on ajp-8009
24 квіт 2011 23:15:06 org.apache.catalina.startup.Catalina load
INFO: Initialization processed in 970 ms
24 квіт 2011 23:15:06 org.apache.catalina.core.StandardService start
INFO: Starting service Catalina
24 квіт 2011 23:15:06 org.apache.catalina.core.StandardEngine start
INFO: Starting Servlet Engine: Apache Tomcat/6.0.32
24 квіт 2011 23:15:06 org.apache.catalina.startup.HostConfig deployDescriptor
INFO: Deploying configuration descriptor host-manager.xml
24 квіт 2011 23:15:06 org.apache.catalina.startup.HostConfig deployDescriptor
INFO: Deploying configuration descriptor manager.xml
24 квіт 2011 23:15:06 org.apache.catalina.startup.HostConfig deployWAR
INFO: Deploying web application archive Test Servlet.war
24 квіт 2011 23:15:06 org.apache.catalina.startup.HostConfig deployDirectory
INFO: Deploying web application directory docs
24 квіт 2011 23:15:06 org.apache.catalina.startup.HostConfig deployDirectory
INFO: Deploying web application directory examples
24 квіт 2011 23:15:07 org.apache.catalina.startup.HostConfig deployDirectory
INFO: Deploying web application directory ROOT
24 квіт 2011 23:15:07 org.apache.coyote.http11.Http11AprProtocol start
INFO: Starting Coyote HTTP/1.1 on http-8082
24 квіт 2011 23:15:07 org.apache.coyote.ajp.AjpAprProtocol start
INFO: Starting Coyote AJP/1.3 on ajp-8009
24 квіт 2011 23:15:07 org.apache.catalina.startup.Catalina start
INFO: Server startup in 671 ms
24 квіт 2011 23:15:52 org.apache.coyote.http11.Http11AprProtocol pause
INFO: Pausing Coyote HTTP/1.1 on http-8082
24 квіт 2011 23:15:52 org.apache.coyote.ajp.AjpAprProtocol pause
INFO: Pausing Coyote AJP/1.3 on ajp-8009
24 квіт 2011 23:15:53 org.apache.catalina.core.StandardService stop
INFO: Stopping service Catalina
24 квіт 2011 23:15:53 org.apache.coyote.http11.Http11AprProtocol destroy
INFO: Stopping Coyote HTTP/1.1 on http-8082
24 квіт 2011 23:15:53 org.apache.coyote.ajp.AjpAprProtocol destroy
INFO: Stopping Coyote AJP/1.3 on ajp-8009
24 квіт 2011 23:15:55 org.apache.catalina.core.AprLifecycleListener init
INFO: Loaded APR based Apache Tomcat Native library 1.1.20.
24 квіт 2011 23:15:55 org.apache.catalina.core.AprLifecycleListener init
INFO: APR capabilities: IPv6 [true], sendfile [true], accept filters [false], random [true].
24 квіт 2011 23:15:55 org.apache.coyote.http11.Http11AprProtocol init
INFO: Initializing Coyote HTTP/1.1 on http-8082
24 квіт 2011 23:15:55 org.apache.coyote.ajp.AjpAprProtocol init
INFO: Initializing Coyote AJP/1.3 on ajp-8009
24 квіт 2011 23:15:55 org.apache.catalina.startup.Catalina load
INFO: Initialization processed in 1013 ms
24 квіт 2011 23:15:55 org.apache.catalina.core.StandardService start
INFO: Starting service Catalina
24 квіт 2011 23:15:55 org.apache.catalina.core.StandardEngine start
INFO: Starting Servlet Engine: Apache Tomcat/6.0.32
24 квіт 2011 23:15:55 org.apache.catalina.startup.HostConfig deployDescriptor
INFO: Deploying configuration descriptor host-manager.xml
24 квіт 2011 23:15:56 org.apache.catalina.startup.HostConfig deployDescriptor
INFO: Deploying configuration descriptor manager.xml
24 квіт 2011 23:15:56 org.apache.catalina.startup.HostConfig deployWAR
INFO: Deploying web application archive Test Servlet.war
24 квіт 2011 23:15:56 org.apache.catalina.startup.HostConfig deployDirectory
INFO: Deploying web application directory docs
24 квіт 2011 23:15:56 org.apache.catalina.startup.HostConfig deployDirectory
INFO: Deploying web application directory examples
24 квіт 2011 23:15:56 org.apache.catalina.startup.HostConfig deployDirectory
INFO: Deploying web application directory ROOT
24 квіт 2011 23:15:56 org.apache.coyote.http11.Http11AprProtocol start
INFO: Starting Coyote HTTP/1.1 on http-8082
24 квіт 2011 23:15:56 org.apache.coyote.ajp.AjpAprProtocol start
INFO: Starting Coyote AJP/1.3 on ajp-8009
24 квіт 2011 23:15:56 org.apache.catalina.startup.Catalina start
INFO: Server startup in 684 ms
24 квіт 2011 23:16:56 org.apache.catalina.startup.HostConfig checkResources
INFO: Undeploying context [/Test Servlet]
24 квіт 2011 23:27:48 org.apache.catalina.core.AprLifecycleListener init
INFO: Loaded APR based Apache Tomcat Native library 1.1.20.
24 квіт 2011 23:27:48 org.apache.catalina.core.AprLifecycleListener init
INFO: APR capabilities: IPv6 [true], sendfile [true], accept filters [false], random [true].
24 квіт 2011 23:27:49 org.apache.coyote.http11.Http11AprProtocol init
INFO: Initializing Coyote HTTP/1.1 on http-8082
24 квіт 2011 23:27:49 org.apache.coyote.ajp.AjpAprProtocol init
INFO: Initializing Coyote AJP/1.3 on ajp-8009
24 квіт 2011 23:27:49 org.apache.catalina.startup.Catalina load
INFO: Initialization processed in 886 ms
24 квіт 2011 23:27:49 org.apache.catalina.core.StandardService start
INFO: Starting service Catalina
24 квіт 2011 23:27:49 org.apache.catalina.core.StandardEngine start
INFO: Starting Servlet Engine: Apache Tomcat/6.0.32
24 квіт 2011 23:27:49 org.apache.catalina.startup.HostConfig deployDescriptor
INFO: Deploying configuration descriptor host-manager.xml
24 квіт 2011 23:27:49 org.apache.catalina.startup.HostConfig deployDescriptor
INFO: Deploying configuration descriptor manager.xml
24 квіт 2011 23:27:49 org.apache.catalina.startup.HostConfig deployDirectory
INFO: Deploying web application directory docs
24 квіт 2011 23:27:49 org.apache.catalina.startup.HostConfig deployDirectory
INFO: Deploying web application directory examples
24 квіт 2011 23:27:49 org.apache.catalina.startup.HostConfig deployDirectory
INFO: Deploying web application directory ROOT
24 квіт 2011 23:27:49 org.apache.coyote.http11.Http11AprProtocol start
INFO: Starting Coyote HTTP/1.1 on http-8082
24 квіт 2011 23:27:49 org.apache.coyote.ajp.AjpAprProtocol start
INFO: Starting Coyote AJP/1.3 on ajp-8009
24 квіт 2011 23:27:49 org.apache.catalina.startup.Catalina start
INFO: Server startup in 675 ms
24 квіт 2011 23:29:40 org.apache.catalina.core.AprLifecycleListener init
INFO: Loaded APR based Apache Tomcat Native library 1.1.20.
24 квіт 2011 23:29:40 org.apache.catalina.core.AprLifecycleListener init
INFO: APR capabilities: IPv6 [true], sendfile [true], accept filters [false], random [true].
24 квіт 2011 23:29:41 org.apache.coyote.http11.Http11AprProtocol init
INFO: Initializing Coyote HTTP/1.1 on http-8082
24 квіт 2011 23:29:41 org.apache.coyote.ajp.AjpAprProtocol init
INFO: Initializing Coyote AJP/1.3 on ajp-8009
24 квіт 2011 23:29:41 org.apache.catalina.startup.Catalina load
INFO: Initialization processed in 987 ms
24 квіт 2011 23:29:41 org.apache.catalina.core.StandardService start
INFO: Starting service Catalina
24 квіт 2011 23:29:41 org.apache.catalina.core.StandardEngine start
INFO: Starting Servlet Engine: Apache Tomcat/6.0.32
24 квіт 2011 23:29:41 org.apache.catalina.startup.HostConfig deployDescriptor
INFO: Deploying configuration descriptor host-manager.xml
24 квіт 2011 23:29:41 org.apache.catalina.startup.HostConfig deployDescriptor
INFO: Deploying configuration descriptor manager.xml
24 квіт 2011 23:29:41 org.apache.catalina.startup.HostConfig deployDirectory
INFO: Deploying web application directory docs
24 квіт 2011 23:29:41 org.apache.catalina.startup.HostConfig deployDirectory
INFO: Deploying web application directory examples
24 квіт 2011 23:29:41 org.apache.catalina.startup.HostConfig deployDirectory
INFO: Deploying web application directory ROOT
24 квіт 2011 23:29:41 org.apache.coyote.http11.Http11AprProtocol start
INFO: Starting Coyote HTTP/1.1 on http-8082
24 квіт 2011 23:29:41 org.apache.coyote.ajp.AjpAprProtocol start
INFO: Starting Coyote AJP/1.3 on ajp-8009
24 квіт 2011 23:29:41 org.apache.catalina.startup.Catalina start
INFO: Server startup in 649 ms
