5 трав 2011 21:47:18 org.apache.catalina.core.ApplicationContext log
INFO: ContextListener: contextInitialized()
5 трав 2011 21:47:18 org.apache.catalina.core.ApplicationContext log
INFO: SessionListener: contextInitialized()
5 трав 2011 21:48:05 org.apache.catalina.core.ApplicationContext log
INFO: ContextListener: contextInitialized()
5 трав 2011 21:48:05 org.apache.catalina.core.ApplicationContext log
INFO: SessionListener: contextInitialized()
5 трав 2011 21:48:37 org.apache.catalina.core.ApplicationContext log
INFO: ContextListener: contextInitialized()
5 трав 2011 21:48:37 org.apache.catalina.core.ApplicationContext log
INFO: SessionListener: contextInitialized()
5 трав 2011 21:50:30 org.apache.catalina.core.ApplicationContext log
INFO: ContextListener: contextInitialized()
5 трав 2011 21:50:30 org.apache.catalina.core.ApplicationContext log
INFO: SessionListener: contextInitialized()
5 трав 2011 21:51:09 org.apache.catalina.core.ApplicationContext log
INFO: ContextListener: contextInitialized()
5 трав 2011 21:51:09 org.apache.catalina.core.ApplicationContext log
INFO: SessionListener: contextInitialized()
5 трав 2011 21:53:03 org.apache.catalina.core.ApplicationContext log
INFO: ContextListener: contextInitialized()
5 трав 2011 21:53:03 org.apache.catalina.core.ApplicationContext log
INFO: SessionListener: contextInitialized()
5 трав 2011 21:56:38 org.apache.catalina.core.ApplicationContext log
INFO: ContextListener: contextInitialized()
5 трав 2011 21:56:38 org.apache.catalina.core.ApplicationContext log
INFO: SessionListener: contextInitialized()
5 трав 2011 22:28:45 org.apache.catalina.core.ApplicationContext log
INFO: ContextListener: contextInitialized()
5 трав 2011 22:28:45 org.apache.catalina.core.ApplicationContext log
INFO: SessionListener: contextInitialized()
5 трав 2011 22:28:46 org.apache.catalina.core.ApplicationContext log
INFO: SessionListener: contextDestroyed()
5 трав 2011 22:28:46 org.apache.catalina.core.ApplicationContext log
INFO: ContextListener: contextDestroyed()
5 трав 2011 22:28:54 org.apache.catalina.core.ApplicationContext log
INFO: ContextListener: contextInitialized()
5 трав 2011 22:28:54 org.apache.catalina.core.ApplicationContext log
INFO: SessionListener: contextInitialized()
5 трав 2011 22:28:55 org.apache.catalina.core.ApplicationContext log
INFO: SessionListener: contextDestroyed()
5 трав 2011 22:28:55 org.apache.catalina.core.ApplicationContext log
INFO: ContextListener: contextDestroyed()
5 трав 2011 22:30:25 org.apache.catalina.core.ApplicationContext log
INFO: ContextListener: contextInitialized()
5 трав 2011 22:30:25 org.apache.catalina.core.ApplicationContext log
INFO: SessionListener: contextInitialized()
5 трав 2011 22:30:26 org.apache.catalina.core.ApplicationContext log
INFO: SessionListener: contextDestroyed()
5 трав 2011 22:30:26 org.apache.catalina.core.ApplicationContext log
INFO: ContextListener: contextDestroyed()
5 трав 2011 22:32:03 org.apache.catalina.core.ApplicationContext log
INFO: ContextListener: contextInitialized()
5 трав 2011 22:32:03 org.apache.catalina.core.ApplicationContext log
INFO: SessionListener: contextInitialized()
5 трав 2011 22:32:04 org.apache.catalina.core.ApplicationContext log
INFO: SessionListener: contextDestroyed()
5 трав 2011 22:32:04 org.apache.catalina.core.ApplicationContext log
INFO: ContextListener: contextDestroyed()
5 трав 2011 22:33:07 org.apache.catalina.core.ApplicationContext log
INFO: ContextListener: contextInitialized()
5 трав 2011 22:33:07 org.apache.catalina.core.ApplicationContext log
INFO: SessionListener: contextInitialized()
5 трав 2011 22:33:09 org.apache.catalina.core.ApplicationContext log
INFO: SessionListener: contextDestroyed()
5 трав 2011 22:33:09 org.apache.catalina.core.ApplicationContext log
INFO: ContextListener: contextDestroyed()
5 трав 2011 22:34:13 org.apache.catalina.core.ApplicationContext log
INFO: ContextListener: contextInitialized()
5 трав 2011 22:34:13 org.apache.catalina.core.ApplicationContext log
INFO: SessionListener: contextInitialized()
5 трав 2011 22:34:14 org.apache.catalina.core.ApplicationContext log
INFO: SessionListener: contextDestroyed()
5 трав 2011 22:34:14 org.apache.catalina.core.ApplicationContext log
INFO: ContextListener: contextDestroyed()
5 трав 2011 22:34:23 org.apache.catalina.core.ApplicationContext log
INFO: ContextListener: contextInitialized()
5 трав 2011 22:34:23 org.apache.catalina.core.ApplicationContext log
INFO: SessionListener: contextInitialized()
5 трав 2011 22:34:24 org.apache.catalina.core.ApplicationContext log
INFO: SessionListener: contextDestroyed()
5 трав 2011 22:34:24 org.apache.catalina.core.ApplicationContext log
INFO: ContextListener: contextDestroyed()
5 трав 2011 22:34:39 org.apache.catalina.core.ApplicationContext log
INFO: ContextListener: contextInitialized()
5 трав 2011 22:34:39 org.apache.catalina.core.ApplicationContext log
INFO: SessionListener: contextInitialized()
5 трав 2011 22:34:40 org.apache.catalina.core.ApplicationContext log
INFO: SessionListener: contextDestroyed()
5 трав 2011 22:34:40 org.apache.catalina.core.ApplicationContext log
INFO: ContextListener: contextDestroyed()
5 трав 2011 22:42:49 org.apache.catalina.core.ApplicationContext log
INFO: ContextListener: contextInitialized()
5 трав 2011 22:42:49 org.apache.catalina.core.ApplicationContext log
INFO: SessionListener: contextInitialized()
5 трав 2011 22:42:50 org.apache.catalina.core.ApplicationContext log
INFO: SessionListener: contextDestroyed()
5 трав 2011 22:42:50 org.apache.catalina.core.ApplicationContext log
INFO: ContextListener: contextDestroyed()
5 трав 2011 22:43:30 org.apache.catalina.core.ApplicationContext log
INFO: ContextListener: contextInitialized()
5 трав 2011 22:43:30 org.apache.catalina.core.ApplicationContext log
INFO: SessionListener: contextInitialized()
5 трав 2011 22:43:31 org.apache.catalina.core.ApplicationContext log
INFO: SessionListener: contextDestroyed()
5 трав 2011 22:43:31 org.apache.catalina.core.ApplicationContext log
INFO: ContextListener: contextDestroyed()
5 трав 2011 22:43:42 org.apache.catalina.core.ApplicationContext log
INFO: ContextListener: contextInitialized()
5 трав 2011 22:43:42 org.apache.catalina.core.ApplicationContext log
INFO: SessionListener: contextInitialized()
