25 квіт 2011 11:24:35 org.apache.catalina.core.ApplicationContext log
INFO: ContextListener: contextInitialized()
25 квіт 2011 11:24:35 org.apache.catalina.core.ApplicationContext log
INFO: SessionListener: contextInitialized()
25 квіт 2011 11:32:37 org.apache.catalina.core.ApplicationContext log
INFO: SessionListener: contextDestroyed()
25 квіт 2011 11:32:37 org.apache.catalina.core.ApplicationContext log
INFO: ContextListener: contextDestroyed()
25 квіт 2011 11:32:41 org.apache.catalina.core.ApplicationContext log
INFO: ContextListener: contextInitialized()
25 квіт 2011 11:32:41 org.apache.catalina.core.ApplicationContext log
INFO: SessionListener: contextInitialized()
25 квіт 2011 11:34:07 org.apache.catalina.core.ApplicationContext log
INFO: SessionListener: contextDestroyed()
25 квіт 2011 11:34:07 org.apache.catalina.core.ApplicationContext log
INFO: ContextListener: contextDestroyed()
25 квіт 2011 11:42:50 org.apache.catalina.core.ApplicationContext log
INFO: ContextListener: contextInitialized()
25 квіт 2011 11:42:50 org.apache.catalina.core.ApplicationContext log
INFO: SessionListener: contextInitialized()
25 квіт 2011 11:42:51 org.apache.catalina.core.ApplicationContext log
INFO: SessionListener: contextDestroyed()
25 квіт 2011 11:42:51 org.apache.catalina.core.ApplicationContext log
INFO: ContextListener: contextDestroyed()
25 квіт 2011 11:42:58 org.apache.catalina.core.ApplicationContext log
INFO: ContextListener: contextInitialized()
25 квіт 2011 11:42:58 org.apache.catalina.core.ApplicationContext log
INFO: SessionListener: contextInitialized()
25 квіт 2011 11:45:28 org.apache.catalina.core.ApplicationContext log
INFO: SessionListener: contextDestroyed()
25 квіт 2011 11:45:28 org.apache.catalina.core.ApplicationContext log
INFO: ContextListener: contextDestroyed()
25 квіт 2011 11:45:36 org.apache.catalina.core.ApplicationContext log
INFO: ContextListener: contextInitialized()
25 квіт 2011 11:45:36 org.apache.catalina.core.ApplicationContext log
INFO: SessionListener: contextInitialized()
25 квіт 2011 11:46:33 org.apache.catalina.core.ApplicationContext log
INFO: ContextListener: contextInitialized()
25 квіт 2011 11:46:33 org.apache.catalina.core.ApplicationContext log
INFO: SessionListener: contextInitialized()
25 квіт 2011 11:48:08 org.apache.catalina.core.ApplicationContext log
INFO: ContextListener: contextInitialized()
25 квіт 2011 11:48:08 org.apache.catalina.core.ApplicationContext log
INFO: SessionListener: contextInitialized()
25 квіт 2011 11:50:26 org.apache.catalina.core.ApplicationContext log
INFO: ContextListener: contextInitialized()
25 квіт 2011 11:50:26 org.apache.catalina.core.ApplicationContext log
INFO: SessionListener: contextInitialized()
25 квіт 2011 11:53:37 org.apache.catalina.core.ApplicationContext log
INFO: ContextListener: contextInitialized()
25 квіт 2011 11:53:37 org.apache.catalina.core.ApplicationContext log
INFO: SessionListener: contextInitialized()
25 квіт 2011 12:15:09 org.apache.catalina.core.ApplicationContext log
INFO: SessionListener: contextDestroyed()
25 квіт 2011 12:15:09 org.apache.catalina.core.ApplicationContext log
INFO: ContextListener: contextDestroyed()
25 квіт 2011 12:15:13 org.apache.catalina.core.ApplicationContext log
INFO: ContextListener: contextInitialized()
25 квіт 2011 12:15:13 org.apache.catalina.core.ApplicationContext log
INFO: SessionListener: contextInitialized()
