7 трав 2011 16:38:33 org.apache.catalina.core.ApplicationContext log
INFO: ContextListener: contextInitialized()
7 трав 2011 16:38:33 org.apache.catalina.core.ApplicationContext log
INFO: SessionListener: contextInitialized()
7 трав 2011 16:39:34 org.apache.catalina.core.ApplicationContext log
INFO: Marking servlet Controller as unavailable
7 трав 2011 16:39:34 org.apache.catalina.core.ApplicationContext log
SEVERE: Error loading WebappClassLoader
  context: /Testing_System
  delegate: false
  repositories:
    /WEB-INF/classes/
----------> Parent Classloader:
org.apache.catalina.loader.StandardClassLoader@790bc49d
 ua.kpi.testingsystem.servlets.Controller
java.lang.ClassNotFoundException: ua.kpi.testingsystem.servlets.Controller
	at org.apache.catalina.loader.WebappClassLoader.loadClass(WebappClassLoader.java:1680)
	at org.apache.catalina.loader.WebappClassLoader.loadClass(WebappClassLoader.java:1526)
	at org.apache.catalina.core.StandardWrapper.loadServlet(StandardWrapper.java:1095)
	at org.apache.catalina.core.StandardWrapper.allocate(StandardWrapper.java:809)
	at org.apache.catalina.core.StandardWrapperValve.invoke(StandardWrapperValve.java:129)
	at org.apache.catalina.core.StandardContextValve.invoke(StandardContextValve.java:191)
	at org.apache.catalina.core.StandardHostValve.invoke(StandardHostValve.java:127)
	at org.apache.catalina.valves.ErrorReportValve.invoke(ErrorReportValve.java:102)
	at org.apache.catalina.core.StandardEngineValve.invoke(StandardEngineValve.java:109)
	at org.apache.catalina.connector.CoyoteAdapter.service(CoyoteAdapter.java:298)
	at org.apache.coyote.http11.Http11AprProcessor.process(Http11AprProcessor.java:864)
	at org.apache.coyote.http11.Http11AprProtocol$Http11ConnectionHandler.process(Http11AprProtocol.java:579)
	at org.apache.tomcat.util.net.AprEndpoint$Worker.run(AprEndpoint.java:1665)
	at java.lang.Thread.run(Thread.java:662)
7 трав 2011 16:39:34 org.apache.catalina.core.StandardWrapperValve invoke
SEVERE: Allocate exception for servlet Controller
java.lang.ClassNotFoundException: ua.kpi.testingsystem.servlets.Controller
	at org.apache.catalina.loader.WebappClassLoader.loadClass(WebappClassLoader.java:1680)
	at org.apache.catalina.loader.WebappClassLoader.loadClass(WebappClassLoader.java:1526)
	at org.apache.catalina.core.StandardWrapper.loadServlet(StandardWrapper.java:1095)
	at org.apache.catalina.core.StandardWrapper.allocate(StandardWrapper.java:809)
	at org.apache.catalina.core.StandardWrapperValve.invoke(StandardWrapperValve.java:129)
	at org.apache.catalina.core.StandardContextValve.invoke(StandardContextValve.java:191)
	at org.apache.catalina.core.StandardHostValve.invoke(StandardHostValve.java:127)
	at org.apache.catalina.valves.ErrorReportValve.invoke(ErrorReportValve.java:102)
	at org.apache.catalina.core.StandardEngineValve.invoke(StandardEngineValve.java:109)
	at org.apache.catalina.connector.CoyoteAdapter.service(CoyoteAdapter.java:298)
	at org.apache.coyote.http11.Http11AprProcessor.process(Http11AprProcessor.java:864)
	at org.apache.coyote.http11.Http11AprProtocol$Http11ConnectionHandler.process(Http11AprProtocol.java:579)
	at org.apache.tomcat.util.net.AprEndpoint$Worker.run(AprEndpoint.java:1665)
	at java.lang.Thread.run(Thread.java:662)
7 трав 2011 17:42:59 org.apache.catalina.core.ApplicationContext log
INFO: ContextListener: contextInitialized()
7 трав 2011 17:42:59 org.apache.catalina.core.ApplicationContext log
INFO: SessionListener: contextInitialized()
